<?xml version="1.0" encoding="UTF-8"?>
<testsuite xmlns:xsi="http://www.w3.org/2001/XMLSchema-instance" xsi:noNamespaceSchemaLocation="https://maven.apache.org/surefire/maven-surefire-plugin/xsd/surefire-test-report-3.0.xsd" version="3.0" name="runner.Runner" time="1.968" tests="3" errors="0" skipped="3" failures="0">
  <properties>
[...]
</properties>
  <testcase name="I Verify CustomerLogin Functionality" classname="Customer Login Functonality" time="0">
    <skipped message="The step &quot;My landing page&quot; is undefined. You can implement it using the snippet(s) below:&#10;&#10;@Given(&quot;My landing page&quot;)&#10;public void my_landing_page() {&#10;    // Write code here that turns the phrase above into concrete actions&#10;    throw new io.cucumber.java.PendingException();&#10;}&#10;&#10;&#10;Some other steps were also undefined:&#10;&#10;@When(&quot;click on the Login menu&quot;)&#10;public void click_on_the_Login_menu() {&#10;    // Write code here that turns the phrase above into concrete actions&#10;    throw new io.cucumber.java.PendingException();&#10;}&#10;@Then(&quot;Click on the Customer Login Menu&quot;)&#10;public void click_on_the_Customer_Login_Menu() {&#10;    // Write code here that turns the phrase above into concrete actions&#10;    throw new io.cucumber.java.PendingException();&#10;}&#10;@Then(&quot;I Enter User Id david@gmail.com&quot;)&#10;public void i_Enter_User_Id_david_gmail_com() {&#10;    // Write code here that turns the phrase above into concrete actions&#10;    throw new io.cucumber.java.PendingException();&#10;}&#10;@Then(&quot;I Enter the Password as {int}&quot;)&#10;public void i_Enter_the_Password_as(Integer int1) {&#10;    // Write code here that turns the phrase above into concrete actions&#10;    throw new io.cucumber.java.PendingException();&#10;}&#10;@Then(&quot;We click on the Login Button&quot;)&#10;public void we_click_on_the_Login_Button() {&#10;    // Write code here that turns the phrase above into concrete actions&#10;    throw new io.cucumber.java.PendingException();&#10;}&#10;@Then(&quot;We Verify the my Home page&quot;)&#10;public void we_Verify_the_my_Home_page() {&#10;    // Write code here that turns the phrase above into concrete actions&#10;    throw new io.cucumber.java.PendingException();&#10;}&#10;"/>
    <system-err><![CDATA[Feb. 06, 2023 1:26:32 P.M. io.cucumber.core.options.CucumberPropertiesParser parse
WARNING: Passing commandline options via the property `cucumber.options` has been deprecatedin favour of explicitly using property names.
Please use these instead: [cucumber.ansi-colors.disabled, cucumber.execution.dry-run, cucumber.execution.limit, cucumber.execution.order, cucumber.execution.strict, cucumber.execution.wip, cucumber.features, cucumber.filter.name, cucumber.filter.tags, cucumber.glue, cucumber.object-factory, cucumber.plugin, cucumber.snippet-type]
Feb. 06, 2023 1:26:32 P.M. io.cucumber.junit.Cucumber <init>
WARNING: By default Cucumber is running in --non-strict mode.
This default will change to --strict and --non-strict will be removed.
You can use --strict or @CucumberOptions(strict = true) to suppress this warning
SLF4J: Failed to load class "org.slf4j.impl.StaticLoggerBinder".
SLF4J: Defaulting to no-operation (NOP) logger implementation
SLF4J: See http://www.slf4j.org/codes.html#StaticLoggerBinder for further details.
]]></system-err>
  </testcase>
  <testcase name="Verify Customer Contact Number Modification functionality" classname="Customer Contact Number Modification functionality" time="0">
    <skipped message="The step &quot;I am in landing page http://it.microtechlimited.com&quot; is undefined. You can implement it using the snippet(s) below:&#10;&#10;@Given(&quot;I am in landing page http:\\/\\/it.microtechlimited.com&quot;)&#10;public void i_am_in_landing_page_http_it_microtechlimited_com() {&#10;    // Write code here that turns the phrase above into concrete actions&#10;    throw new io.cucumber.java.PendingException();&#10;}&#10;&#10;&#10;Some other steps were also undefined:&#10;&#10;@When(&quot;I Click on Login menu&quot;)&#10;public void i_Click_on_Login_menu() {&#10;    // Write code here that turns the phrase above into concrete actions&#10;    throw new io.cucumber.java.PendingException();&#10;}&#10;@When(&quot;Click on Customer Login&quot;)&#10;public void click_on_Customer_Login() {&#10;    // Write code here that turns the phrase above into concrete actions&#10;    throw new io.cucumber.java.PendingException();&#10;}&#10;@Then(&quot;Enter User Id as david@gmail.com          -- called Test Step&quot;)&#10;public void enter_User_Id_as_david_gmail_com_called_Test_Step() {&#10;    // Write code here that turns the phrase above into concrete actions&#10;    throw new io.cucumber.java.PendingException();&#10;}&#10;@Then(&quot;I Enter Password as {int}&quot;)&#10;public void i_Enter_Password_as(Integer int1) {&#10;    // Write code here that turns the phrase above into concrete actions&#10;    throw new io.cucumber.java.PendingException();&#10;}&#10;@Then(&quot;I Click on Login Button&quot;)&#10;public void i_Click_on_Login_Button() {&#10;    // Write code here that turns the phrase above into concrete actions&#10;    throw new io.cucumber.java.PendingException();&#10;}&#10;@Then(&quot;Verify that I am in Home Page&quot;)&#10;public void verify_that_I_am_in_Home_Page() {&#10;    // Write code here that turns the phrase above into concrete actions&#10;    throw new io.cucumber.java.PendingException();&#10;}&#10;@Then(&quot;I Click on Profile Menu&quot;)&#10;public void i_Click_on_Profile_Menu() {&#10;    // Write code here that turns the phrase above into concrete actions&#10;    throw new io.cucumber.java.PendingException();&#10;}&#10;@Then(&quot;I Click on Update Info&quot;)&#10;public void i_Click_on_Update_Info() {&#10;    // Write code here that turns the phrase above into concrete actions&#10;    throw new io.cucumber.java.PendingException();&#10;}&#10;@Then(&quot;I Replace the Contact Number to {int}&quot;)&#10;public void i_Replace_the_Contact_Number_to(Integer int1) {&#10;    // Write code here that turns the phrase above into concrete actions&#10;    throw new io.cucumber.java.PendingException();&#10;}&#10;@Then(&quot;I Click Submit button&quot;)&#10;public void i_Click_Submit_button() {&#10;    // Write code here that turns the phrase above into concrete actions&#10;    throw new io.cucumber.java.PendingException();&#10;}&#10;@Then(&quot;Verify Contact Number is changed to {int}&quot;)&#10;public void verify_Contact_Number_is_changed_to(Integer int1) {&#10;    // Write code here that turns the phrase above into concrete actions&#10;    throw new io.cucumber.java.PendingException();&#10;}&#10;"/>
  </testcase>
  <testcase name="Verify Employee Login Functionality" classname="Employee Login Functonality" time="0">
    <skipped message="The step &quot;I am in landing page&quot; is undefined. You can implement it using the snippet(s) below:&#10;&#10;@Given(&quot;I am in landing page&quot;)&#10;public void i_am_in_landing_page() {&#10;    // Write code here that turns the phrase above into concrete actions&#10;    throw new io.cucumber.java.PendingException();&#10;}&#10;&#10;&#10;Some other steps were also undefined:&#10;&#10;@When(&quot;I click on Login menu&quot;)&#10;public void i_click_on_Login_menu() {&#10;    // Write code here that turns the phrase above into concrete actions&#10;    throw new io.cucumber.java.PendingException();&#10;}&#10;@Then(&quot;Click on Employee Login Menu&quot;)&#10;public void click_on_Employee_Login_Menu() {&#10;    // Write code here that turns the phrase above into concrete actions&#10;    throw new io.cucumber.java.PendingException();&#10;}&#10;@Then(&quot;Enter User Id testpilot@gmail.com&quot;)&#10;public void enter_User_Id_testpilot_gmail_com() {&#10;    // Write code here that turns the phrase above into concrete actions&#10;    throw new io.cucumber.java.PendingException();&#10;}&#10;@Then(&quot;Enter Passworf as {int}&quot;)&#10;public void enter_Passworf_as(Integer int1) {&#10;    // Write code here that turns the phrase above into concrete actions&#10;    throw new io.cucumber.java.PendingException();&#10;}&#10;@Then(&quot;I click on Login Button&quot;)&#10;public void i_click_on_Login_Button() {&#10;    // Write code here that turns the phrase above into concrete actions&#10;    throw new io.cucumber.java.PendingException();&#10;}&#10;@Then(&quot;Verify I am in my Home page&quot;)&#10;public void verify_I_am_in_my_Home_page() {&#10;    // Write code here that turns the phrase above into concrete actions&#10;    throw new io.cucumber.java.PendingException();&#10;}&#10;"/>
  </testcase>
</testsuite>